Arguments: 
  /usr/local/bin/node /usr/local/bin/yarn init

PATH: 
  /usr/local/bin/:/Users/zacharywade/.local/bin:/Users/zacharywade/.opam/system/bin:/Users/zacharywade/anaconda2/bin:/Users/zacharywade/Documents/node_modules:/Library/Frameworks/Python.framework/Versions/3.6/bin:/usr/local/bin:/usr/local/sbin:/usr/bin:/bin:/usr/sbin:/sbin:/Users/zacharywade/.opam/4.04.1/bin:/Library/TeX/texbin:/opt/X11/bin:/Applications/Wireshark.app/Contents/MacOS:/Users/zacharywade/bin:/usr/texbin:/Users/zacharywade/.cargo/bin:/Applications/Sublime Text.app/Contents/MacOS/:/Users/zacharywade/Documents/cc0/bin:/Users/zacharywade/gocode/bin

Yarn version: 
  1.7.0

Node version: 
  10.12.0

Platform: 
  darwin x64

Trace: 
  Error: canceled
      at Interface.<anonymous> (/usr/local/lib/node_modules/yarn/lib/cli.js:131036:13)
      at Interface.emit (events.js:182:13)
      at Interface._ttyWrite (readline.js:783:16)
      at ReadStream.onkeypress (readline.js:168:10)
      at ReadStream.emit (events.js:182:13)
      at emitKeys (internal/readline.js:424:14)
      at emitKeys.next (<anonymous>)
      at ReadStream.onData (readline.js:1022:36)
      at ReadStream.emit (events.js:182:13)
      at addChunk (_stream_readable.js:283:12)

npm manifest: 
  No manifest

yarn manifest: 
  No manifest

Lockfile: 
  No lockfile
